0 info it worked if it ends with ok
1 verbose cli [ '/usr/local/node-v6.10.3-linux-x64/bin/node',
1 verbose cli   '/usr/local/nodejs/bin/npm',
1 verbose cli   'start' ]
2 info using npm@3.10.10
3 info using node@v6.10.3
4 verbose run-script [ 'prestart', 'start', 'poststart' ]
5 info lifecycle clarity-seed@0.9.10~prestart: clarity-seed@0.9.10
6 silly lifecycle clarity-seed@0.9.10~prestart: no script for prestart, continuing
7 info lifecycle clarity-seed@0.9.10~start: clarity-seed@0.9.10
8 verbose lifecycle clarity-seed@0.9.10~start: unsafe-perm in lifecycle true
9 verbose lifecycle clarity-seed@0.9.10~start: PATH: /usr/local/node-v6.10.3-linux-x64/lib/node_modules/npm/bin/node-gyp-bin:/home/jafar/Documents/angular/cs4/node_modules/.bin:/usr/local/node-v6.10.3-linux-x64/bin:/usr/local/sbin:/usr/local/bin:/usr/sbin:/usr/bin:/sbin:/bin:/usr/games:/usr/local/games:/snap/bin:/usr/local/jdk/bin:/usr/local/nodejs/bin:/usr/local/p4v/bin:/usr/local/idea-IC/bin:/usr/local/Umlet/
10 verbose lifecycle clarity-seed@0.9.10~start: CWD: /home/jafar/Documents/angular/cs4
11 silly lifecycle clarity-seed@0.9.10~start: Args: [ '-c', 'ng serve' ]
12 silly lifecycle clarity-seed@0.9.10~start: Returned: code: 1  signal: null
13 info lifecycle clarity-seed@0.9.10~start: Failed to exec start script
14 verbose stack Error: clarity-seed@0.9.10 start: `ng serve`
14 verbose stack Exit status 1
14 verbose stack     at EventEmitter.<anonymous> (/usr/local/node-v6.10.3-linux-x64/lib/node_modules/npm/lib/utils/lifecycle.js:255:16)
14 verbose stack     at emitTwo (events.js:106:13)
14 verbose stack     at EventEmitter.emit (events.js:191:7)
14 verbose stack     at ChildProcess.<anonymous> (/usr/local/node-v6.10.3-linux-x64/lib/node_modules/npm/lib/utils/spawn.js:40:14)
14 verbose stack     at emitTwo (events.js:106:13)
14 verbose stack     at ChildProcess.emit (events.js:191:7)
14 verbose stack     at maybeClose (internal/child_process.js:886:16)
14 verbose stack     at Process.ChildProcess._handle.onexit (internal/child_process.js:226:5)
15 verbose pkgid clarity-seed@0.9.10
16 verbose cwd /home/jafar/Documents/angular/cs4
17 error Linux 4.10.0-32-generic
18 error argv "/usr/local/node-v6.10.3-linux-x64/bin/node" "/usr/local/nodejs/bin/npm" "start"
19 error node v6.10.3
20 error npm  v3.10.10
21 error code ELIFECYCLE
22 error clarity-seed@0.9.10 start: `ng serve`
22 error Exit status 1
23 error Failed at the clarity-seed@0.9.10 start script 'ng serve'.
23 error Make sure you have the latest version of node.js and npm installed.
23 error If you do, this is most likely a problem with the clarity-seed package,
23 error not with npm itself.
23 error Tell the author that this fails on your system:
23 error     ng serve
23 error You can get information on how to open an issue for this project with:
23 error     npm bugs clarity-seed
23 error Or if that isn't available, you can get their info via:
23 error     npm owner ls clarity-seed
23 error There is likely additional logging output above.
24 verbose exit [ 1, true ]
